Auth check ...
  Ravi Jain (rjain@technijian.com)
Discovered 9 accessible orgs
Window: 119 day(s) (2026-01-01 to 2026-04-29), product=appliance
  [technijian_inc/01_technijian_dc] 2026-01-25: 0 events
  [technijian_inc/01_technijian_dc] 2026-01-26: 0 events
  [technijian_inc/01_technijian_dc] 2026-01-28: 0 events
  [technijian_inc/01_technijian_dc] 2026-01-29: 0 events
  [technijian_inc/01_technijian_dc] 2026-01-30: 0 events
  [technijian_inc/01_technijian_dc] 2026-01-31: 0 events
  [technijian_inc/01_technijian_dc] 2026-02-01: 0 events
  [technijian_inc/01_technijian_dc] 2026-02-02: 0 events
  [technijian_inc/01_technijian_dc] 2026-02-03: 0 events
  [technijian_inc/01_technijian_dc] 2026-02-04: 0 events
  [technijian_inc/01_technijian_dc] 2026-02-05: 0 events
  [technijian_inc/01_technijian_dc] 2026-02-06: 0 events
  [technijian_inc/01_technijian_dc] 2026-02-07: 0 events
  [technijian_inc/01_technijian_dc] 2026-02-08: 0 events
  [technijian_inc/01_technijian_dc] 2026-02-09: 0 events
  [technijian_inc/01_technijian_dc] 2026-02-10: 0 events
  [technijian_inc/01_technijian_dc] 2026-02-11: 0 events
  [technijian_inc/01_technijian_dc] 2026-02-12: 0 events
  [technijian_inc/01_technijian_dc] 2026-02-13: 0 events
  [technijian_inc/01_technijian_dc] 2026-02-14: 0 events
  [technijian_inc/01_technijian_dc] 2026-02-15: 0 events
  [technijian_inc/01_technijian_dc] 2026-02-16: 0 events
  [technijian_inc/01_technijian_dc] 2026-02-17: 0 events
  [technijian_inc/01_technijian_dc] 2026-02-18: 0 events
  [technijian_inc/01_technijian_dc] 2026-02-19: 0 events
  [technijian_inc/01_technijian_dc] 2026-02-20: 0 events
  [technijian_inc/01_technijian_dc] 2026-02-21: 0 events
  [technijian_inc/01_technijian_dc] 2026-02-22: 0 events
  [technijian_inc/01_technijian_dc] 2026-02-23: 0 events
  [technijian_inc/01_technijian_dc] 2026-02-24: 0 events
  [technijian_inc/01_technijian_dc] 2026-02-25: 0 events
  [technijian_inc/01_technijian_dc] 2026-02-26: 0 events
  [technijian_inc/01_technijian_dc] 2026-02-27: 0 events
  [technijian_inc/01_technijian_dc] 2026-02-28: 0 events
  [technijian_inc/01_technijian_dc] 2026-03-01: 0 events
  [technijian_inc/01_technijian_dc] 2026-03-02: 0 events
  [technijian_inc/01_technijian_dc] 2026-03-03: 0 events
  [technijian_inc/01_technijian_dc] 2026-03-04: 0 events
  [technijian_inc/01_technijian_dc] 2026-03-05: 0 events
  [technijian_inc/01_technijian_dc] 2026-03-06: 0 events
  [technijian_inc/01_technijian_dc] 2026-03-07: 0 events
  [technijian_inc/01_technijian_dc] 2026-03-08: 0 events
  [technijian_inc/01_technijian_dc] 2026-03-09: 0 events
  [technijian_inc/01_technijian_dc] 2026-03-10: 0 events
  [technijian_inc/01_technijian_dc] 2026-03-11: 0 events
  [technijian_inc/01_technijian_dc] 2026-03-12: 0 events
  [technijian_inc/01_technijian_dc] 2026-03-13: 0 events
  [technijian_inc/01_technijian_dc] 2026-03-14: 0 events
  [technijian_inc/01_technijian_dc] 2026-03-15: 0 events
  [technijian_inc/01_technijian_dc] 2026-03-16: 0 events
  [technijian_inc/01_technijian_dc] 2026-03-17: 0 events
  [technijian_inc/01_technijian_dc] 2026-03-18: 0 events
  [technijian_inc/01_technijian_dc] 2026-03-19: 0 events
  [technijian_inc/01_technijian_dc] 2026-03-20: 0 events
  [technijian_inc/01_technijian_dc] 2026-03-21: 0 events
  [technijian_inc/01_technijian_dc] 2026-03-22: 0 events
  [technijian_inc/01_technijian_dc] 2026-03-23: 0 events
  [technijian_inc/01_technijian_dc] 2026-03-24: 0 events
  [technijian_inc/01_technijian_dc] 2026-03-25: 0 events
  [technijian_inc/01_technijian_dc] 2026-03-26: 0 events
  [technijian_inc/01_technijian_dc] 2026-03-27: 0 events
  [technijian_inc/01_technijian_dc] 2026-03-28: 0 events
  [technijian_inc/01_technijian_dc] 2026-03-29: 0 events
  [technijian_inc/01_technijian_dc] 2026-03-30: 0 events
  [technijian_inc/01_technijian_dc] 2026-03-31: 0 events
  [technijian_inc/01_technijian_dc] 2026-04-01: 0 events
  [technijian_inc/01_technijian_dc] 2026-04-02: 0 events
  [technijian_inc/01_technijian_dc] 2026-04-03: 0 events
  [technijian_inc/01_technijian_dc] 2026-04-04: 0 events
  [technijian_inc/01_technijian_dc] 2026-04-05: 0 events
  [technijian_inc/01_technijian_dc] 2026-04-06: 0 events
  [technijian_inc/01_technijian_dc] 2026-04-07: 0 events
  [technijian_inc/01_technijian_dc] 2026-04-08: 0 events
  [technijian_inc/01_technijian_dc] 2026-04-09: 0 events
  [technijian_inc/01_technijian_dc] 2026-04-10: 0 events
  [technijian_inc/01_technijian_dc] 2026-04-11: 0 events
  [technijian_inc/01_technijian_dc] 2026-04-12: 0 events
  [technijian_inc/01_technijian_dc] 2026-04-13: 0 events
  [technijian_inc/01_technijian_dc] 2026-04-14: 0 events
  [technijian_inc/01_technijian_dc] 2026-04-15: 0 events
  [technijian_inc/01_technijian_dc] 2026-04-16: 0 events
  [technijian_inc/01_technijian_dc] 2026-04-17: 0 events
  [technijian_inc/01_technijian_dc] 2026-04-18: 2552 events
  [technijian_inc/01_technijian_dc] 2026-04-19: 842 events
  [technijian_inc/01_technijian_dc] 2026-04-20: 1269 events
  [technijian_inc/01_technijian_dc] 2026-04-21: 1486 events
  [technijian_inc/01_technijian_dc] 2026-04-22: 1226 events
  [technijian_inc/01_technijian_dc] 2026-04-23: 1170 events
  [technijian_inc/01_technijian_dc] 2026-04-24: 1533 events
  [technijian_inc/01_technijian_dc] 2026-04-25: 1954 events
  [technijian_inc/01_technijian_dc] 2026-04-26: 1759 events
  [technijian_inc/01_technijian_dc] 2026-04-27: 2208 events
  [technijian_inc/01_technijian_dc] 2026-04-29: 1952 events
  [aranda_tooling/aranda_tooling] 2026-01-01: 0 events
  [aranda_tooling/aranda_tooling] 2026-01-02: 0 events
  [aranda_tooling/aranda_tooling] 2026-01-03: 0 events
  [aranda_tooling/aranda_tooling] 2026-01-04: 0 events
  [aranda_tooling/aranda_tooling] 2026-01-05: 0 events
  [aranda_tooling/aranda_tooling] 2026-01-06: 0 events
  [aranda_tooling/aranda_tooling] 2026-01-07: 0 events
  [aranda_tooling/aranda_tooling] 2026-01-08: 0 events
  [aranda_tooling/aranda_tooling] 2026-01-09: 0 events
  [aranda_tooling/aranda_tooling] 2026-01-10: 0 events
  [aranda_tooling/aranda_tooling] 2026-01-11: 0 events
  [aranda_tooling/aranda_tooling] 2026-01-12: 0 events
  [aranda_tooling/aranda_tooling] 2026-01-13: 0 events
  [aranda_tooling/aranda_tooling] 2026-01-14: 0 events
  [aranda_tooling/aranda_tooling] 2026-01-15: 0 events
  [aranda_tooling/aranda_tooling] 2026-01-16: 0 events
  [aranda_tooling/aranda_tooling] 2026-01-17: 0 events
  [aranda_tooling/aranda_tooling] 2026-01-18: 0 events
  [aranda_tooling/aranda_tooling] 2026-01-19: 0 events
  [aranda_tooling/aranda_tooling] 2026-01-20: 0 events
  [aranda_tooling/aranda_tooling] 2026-01-21: 0 events
  [aranda_tooling/aranda_tooling] 2026-01-22: 0 events
  [aranda_tooling/aranda_tooling] 2026-01-23: 0 events
  [aranda_tooling/aranda_tooling] 2026-01-24: 0 events
  [aranda_tooling/aranda_tooling] 2026-01-25: 0 events
  [aranda_tooling/aranda_tooling] 2026-01-26: 0 events
  [aranda_tooling/aranda_tooling] 2026-01-27: 0 events
  [aranda_tooling/aranda_tooling] 2026-01-28: 0 events
  [aranda_tooling/aranda_tooling] 2026-01-29: 0 events
  [aranda_tooling/aranda_tooling] 2026-01-30: 0 events
  [aranda_tooling/aranda_tooling] 2026-01-31: 0 events
  [aranda_tooling/aranda_tooling] 2026-02-01: 0 events
  [aranda_tooling/aranda_tooling] 2026-02-02: 0 events
  [aranda_tooling/aranda_tooling] 2026-02-03: 0 events
  [aranda_tooling/aranda_tooling] 2026-02-04: 0 events
  [aranda_tooling/aranda_tooling] 2026-02-05: 0 events
  [aranda_tooling/aranda_tooling] 2026-02-06: 0 events
  [aranda_tooling/aranda_tooling] 2026-02-07: 0 events
  [aranda_tooling/aranda_tooling] 2026-02-08: 0 events
  [aranda_tooling/aranda_tooling] 2026-02-09: 0 events
  [aranda_tooling/aranda_tooling] 2026-02-10: 0 events
  [aranda_tooling/aranda_tooling] 2026-02-11: 0 events
  [aranda_tooling/aranda_tooling] 2026-02-12: 0 events
  [aranda_tooling/aranda_tooling] 2026-02-13: 0 events
  [aranda_tooling/aranda_tooling] 2026-02-14: 0 events
  [aranda_tooling/aranda_tooling] 2026-02-15: 0 events
  [aranda_tooling/aranda_tooling] 2026-02-16: 0 events
  [aranda_tooling/aranda_tooling] 2026-02-17: 0 events
  [aranda_tooling/aranda_tooling] 2026-02-18: 0 events
  [aranda_tooling/aranda_tooling] 2026-02-19: 0 events
  [aranda_tooling/aranda_tooling] 2026-02-20: 0 events
  [aranda_tooling/aranda_tooling] 2026-02-21: 0 events
  [aranda_tooling/aranda_tooling] 2026-02-22: 0 events
  [aranda_tooling/aranda_tooling] 2026-02-23: 0 events
  [aranda_tooling/aranda_tooling] 2026-02-24: 0 events
  [aranda_tooling/aranda_tooling] 2026-02-25: 0 events
  [aranda_tooling/aranda_tooling] 2026-02-26: 0 events
  [aranda_tooling/aranda_tooling] 2026-02-27: 0 events
  [aranda_tooling/aranda_tooling] 2026-02-28: 0 events
  [aranda_tooling/aranda_tooling] 2026-03-01: 0 events
  [aranda_tooling/aranda_tooling] 2026-03-02: 0 events
  [aranda_tooling/aranda_tooling] 2026-03-03: 0 events
  [aranda_tooling/aranda_tooling] 2026-03-04: 0 events
  [aranda_tooling/aranda_tooling] 2026-03-05: 0 events
  [aranda_tooling/aranda_tooling] 2026-03-06: 0 events
  [aranda_tooling/aranda_tooling] 2026-03-07: 0 events
  [aranda_tooling/aranda_tooling] 2026-03-08: 0 events
  [aranda_tooling/aranda_tooling] 2026-03-09: 0 events
  [aranda_tooling/aranda_tooling] 2026-03-10: 0 events
  [aranda_tooling/aranda_tooling] 2026-03-11: 0 events
  [aranda_tooling/aranda_tooling] 2026-03-12: 0 events
  [aranda_tooling/aranda_tooling] 2026-03-13: 0 events
  [aranda_tooling/aranda_tooling] 2026-03-14: 0 events
  [aranda_tooling/aranda_tooling] 2026-03-15: 0 events
  [aranda_tooling/aranda_tooling] 2026-03-16: 0 events
  [aranda_tooling/aranda_tooling] 2026-03-17: 0 events
  [aranda_tooling/aranda_tooling] 2026-03-18: 0 events
  [aranda_tooling/aranda_tooling] 2026-03-19: 0 events
  [aranda_tooling/aranda_tooling] 2026-03-20: 0 events
  [aranda_tooling/aranda_tooling] 2026-03-21: 0 events
  [aranda_tooling/aranda_tooling] 2026-03-22: 0 events
  [aranda_tooling/aranda_tooling] 2026-03-23: 0 events
  [aranda_tooling/aranda_tooling] 2026-03-24: 0 events
  [aranda_tooling/aranda_tooling] 2026-03-25: 0 events
  [aranda_tooling/aranda_tooling] 2026-03-26: 0 events
  [aranda_tooling/aranda_tooling] 2026-03-27: 0 events
  [aranda_tooling/aranda_tooling] 2026-03-28: 0 events
  [aranda_tooling/aranda_tooling] 2026-03-29: 0 events
  [aranda_tooling/aranda_tooling] 2026-03-30: 0 events
  [aranda_tooling/aranda_tooling] 2026-03-31: 0 events
  [aranda_tooling/aranda_tooling] 2026-04-01: 0 events
  [aranda_tooling/aranda_tooling] 2026-04-02: 0 events
  [aranda_tooling/aranda_tooling] 2026-04-03: 0 events
  [aranda_tooling/aranda_tooling] 2026-04-04: 0 events
  [aranda_tooling/aranda_tooling] 2026-04-05: 0 events
  [aranda_tooling/aranda_tooling] 2026-04-06: 0 events
  [aranda_tooling/aranda_tooling] 2026-04-07: 0 events
  [aranda_tooling/aranda_tooling] 2026-04-08: 0 events
  [aranda_tooling/aranda_tooling] 2026-04-09: 0 events
  [aranda_tooling/aranda_tooling] 2026-04-10: 302 events
  [aranda_tooling/aranda_tooling] 2026-04-11: 1165 events
  [aranda_tooling/aranda_tooling] 2026-04-12: 816 events
  [aranda_tooling/aranda_tooling] 2026-04-13: 789 events
  [aranda_tooling/aranda_tooling] 2026-04-14: 882 events
  [aranda_tooling/aranda_tooling] 2026-04-15: 1197 events
  [aranda_tooling/aranda_tooling] 2026-04-16: 2878 events
  [aranda_tooling/aranda_tooling] 2026-04-17: 2332 events
  [aranda_tooling/aranda_tooling] 2026-04-18: 439 events
  [aranda_tooling/aranda_tooling] 2026-04-19: 439 events
  [aranda_tooling/aranda_tooling] 2026-04-20: 678 events
  [aranda_tooling/aranda_tooling] 2026-04-21: 888 events
  [aranda_tooling/aranda_tooling] 2026-04-22: 1756 events
  [aranda_tooling/aranda_tooling] 2026-04-23: 1137 events
  [aranda_tooling/aranda_tooling] 2026-04-24: 1401 events
  [aranda_tooling/aranda_tooling] 2026-04-25: 434 events
  [aranda_tooling/aranda_tooling] 2026-04-26: 333 events
  [aranda_tooling/aranda_tooling] 2026-04-27: 598 events
  [aranda_tooling/aranda_tooling] 2026-04-29: 740 events
  [aoc/aoc_hq] 2026-01-01: 0 events
  [aoc/aoc_hq] 2026-01-02: 0 events
  [aoc/aoc_hq] 2026-01-03: 0 events
  [aoc/aoc_hq] 2026-01-04: 0 events
  [aoc/aoc_hq] 2026-01-05: 0 events
  [aoc/aoc_hq] 2026-01-06: 0 events
  [aoc/aoc_hq] 2026-01-07: 0 events
  [aoc/aoc_hq] 2026-01-08: 0 events
  [aoc/aoc_hq] 2026-01-09: 0 events
  [aoc/aoc_hq] 2026-01-10: 0 events
  [aoc/aoc_hq] 2026-01-11: 0 events
  [aoc/aoc_hq] 2026-01-12: 0 events
  [aoc/aoc_hq] 2026-01-13: 0 events
  [aoc/aoc_hq] 2026-01-14: 0 events
  [aoc/aoc_hq] 2026-01-15: 0 events
  [aoc/aoc_hq] 2026-01-16: 0 events
  [aoc/aoc_hq] 2026-01-17: 0 events
  [aoc/aoc_hq] 2026-01-18: 0 events
  [aoc/aoc_hq] 2026-01-19: 0 events
  [aoc/aoc_hq] 2026-01-20: 0 events
  [aoc/aoc_hq] 2026-01-21: 0 events
  [aoc/aoc_hq] 2026-01-22: 0 events
  [aoc/aoc_hq] 2026-01-23: 0 events
  [aoc/aoc_hq] 2026-01-24: 0 events
  [aoc/aoc_hq] 2026-01-25: 0 events
  [aoc/aoc_hq] 2026-01-26: 0 events
  [aoc/aoc_hq] 2026-01-27: 0 events
  [aoc/aoc_hq] 2026-01-28: 0 events
  [aoc/aoc_hq] 2026-01-29: 0 events
  [aoc/aoc_hq] 2026-01-30: 0 events
  [aoc/aoc_hq] 2026-01-31: 0 events
  [aoc/aoc_hq] 2026-02-01: 0 events
  [aoc/aoc_hq] 2026-02-02: 0 events
  [aoc/aoc_hq] 2026-02-03: 0 events
  [aoc/aoc_hq] 2026-02-04: 0 events
  [aoc/aoc_hq] 2026-02-05: 0 events
  [aoc/aoc_hq] 2026-02-06: 0 events
  [aoc/aoc_hq] 2026-02-07: 0 events
  [aoc/aoc_hq] 2026-02-08: 0 events
  [aoc/aoc_hq] 2026-02-09: 0 events
  [aoc/aoc_hq] 2026-02-10: 0 events
  [aoc/aoc_hq] 2026-02-11: 0 events
  [aoc/aoc_hq] 2026-02-12: 0 events
  [aoc/aoc_hq] 2026-02-13: 0 events
  [aoc/aoc_hq] 2026-02-14: 0 events
  [aoc/aoc_hq] 2026-02-15: 0 events
  [aoc/aoc_hq] 2026-02-16: 0 events
  [aoc/aoc_hq] 2026-02-17: 0 events
  [aoc/aoc_hq] 2026-02-18: 0 events
  [aoc/aoc_hq] 2026-02-19: 0 events
  [aoc/aoc_hq] 2026-02-20: 0 events
  [aoc/aoc_hq] 2026-02-21: 0 events
  [aoc/aoc_hq] 2026-02-22: 0 events
  [aoc/aoc_hq] 2026-02-23: 0 events
  [aoc/aoc_hq] 2026-02-24: 0 events
  [aoc/aoc_hq] 2026-02-25: 0 events
  [aoc/aoc_hq] 2026-02-26: 0 events
  [aoc/aoc_hq] 2026-02-27: 0 events
  [aoc/aoc_hq] 2026-02-28: 0 events
  [aoc/aoc_hq] 2026-03-01: 0 events
  [aoc/aoc_hq] 2026-03-02: 0 events
  [aoc/aoc_hq] 2026-03-03: 0 events
  [aoc/aoc_hq] 2026-03-04: 0 events
  [aoc/aoc_hq] 2026-03-05: 0 events
  [aoc/aoc_hq] 2026-03-06: 0 events
  [aoc/aoc_hq] 2026-03-07: 0 events
  [aoc/aoc_hq] 2026-03-08: 0 events
  [aoc/aoc_hq] 2026-03-09: 0 events
  [aoc/aoc_hq] 2026-03-10: 0 events
  [aoc/aoc_hq] 2026-03-11: 0 events
  [aoc/aoc_hq] 2026-03-12: 0 events
  [aoc/aoc_hq] 2026-03-13: 0 events
  [aoc/aoc_hq] 2026-03-14: 0 events
  [aoc/aoc_hq] 2026-03-15: 0 events
  [aoc/aoc_hq] 2026-03-16: 0 events
  [aoc/aoc_hq] 2026-03-17: 0 events
  [aoc/aoc_hq] 2026-03-18: 0 events
  [aoc/aoc_hq] 2026-03-19: 0 events
  [aoc/aoc_hq] 2026-03-20: 0 events
  [aoc/aoc_hq] 2026-03-21: 0 events
  [aoc/aoc_hq] 2026-03-22: 0 events
  [aoc/aoc_hq] 2026-03-23: 0 events
  [aoc/aoc_hq] 2026-03-24: 0 events
  [aoc/aoc_hq] 2026-03-25: 0 events
  [aoc/aoc_hq] 2026-03-26: 0 events
  [aoc/aoc_hq] 2026-03-27: 0 events
  [aoc/aoc_hq] 2026-03-28: 0 events
  [aoc/aoc_hq] 2026-03-29: 0 events
  [aoc/aoc_hq] 2026-03-30: 0 events
  [aoc/aoc_hq] 2026-03-31: 0 events
  [aoc/aoc_hq] 2026-04-01: 0 events
  [aoc/aoc_hq] 2026-04-02: 0 events
  [aoc/aoc_hq] 2026-04-03: 0 events
  [aoc/aoc_hq] 2026-04-04: 0 events
  [aoc/aoc_hq] 2026-04-05: 0 events
  [aoc/aoc_hq] 2026-04-06: 0 events
  [aoc/aoc_hq] 2026-04-07: 0 events
  [aoc/aoc_hq] 2026-04-08: 0 events
  [aoc/aoc_hq] 2026-04-09: 0 events
  [aoc/aoc_hq] 2026-04-10: 0 events
  [aoc/aoc_hq] 2026-04-11: 0 events
  [aoc/aoc_hq] 2026-04-12: 0 events
  [aoc/aoc_hq] 2026-04-13: 0 events
  [aoc/aoc_hq] 2026-04-14: 0 events
  [aoc/aoc_hq] 2026-04-15: 0 events
  [aoc/aoc_hq] 2026-04-16: 0 events
  [aoc/aoc_hq] 2026-04-17: 0 events
  [aoc/aoc_hq] 2026-04-18: 0 events
  [aoc/aoc_hq] 2026-04-19: 0 events
  [aoc/aoc_hq] 2026-04-20: 0 events
  [aoc/aoc_hq] 2026-04-21: 0 events
  [aoc/aoc_hq] 2026-04-22: 0 events
  [aoc/aoc_hq] 2026-04-23: 0 events
  [aoc/aoc_hq] 2026-04-24: 0 events
  [aoc/aoc_hq] 2026-04-25: 0 events
  [aoc/aoc_hq] 2026-04-26: 0 events
  [aoc/aoc_hq] 2026-04-27: 0 events
  [aoc/aoc_hq] 2026-04-29: 0 events
  [bwh/bwh_hq] 2026-01-01: 0 events
  [bwh/bwh_hq] 2026-01-02: 0 events
  [bwh/bwh_hq] 2026-01-03: 0 events
  [bwh/bwh_hq] 2026-01-04: 0 events
  [bwh/bwh_hq] 2026-01-05: 0 events
  [bwh/bwh_hq] 2026-01-06: 0 events
  [bwh/bwh_hq] 2026-01-07: 0 events
  [bwh/bwh_hq] 2026-01-08: 0 events
  [bwh/bwh_hq] 2026-01-09: 0 events
  [bwh/bwh_hq] 2026-01-10: 0 events
  [bwh/bwh_hq] 2026-01-11: 0 events
  [bwh/bwh_hq] 2026-01-12: 0 events
  [bwh/bwh_hq] 2026-01-13: 0 events
  [bwh/bwh_hq] 2026-01-14: 0 events
  [bwh/bwh_hq] 2026-01-15: 0 events
  [bwh/bwh_hq] 2026-01-16: 0 events
  [bwh/bwh_hq] 2026-01-17: 0 events
  [bwh/bwh_hq] 2026-01-18: 0 events
  [bwh/bwh_hq] 2026-01-19: 0 events
  [bwh/bwh_hq] 2026-01-20: 0 events
  [bwh/bwh_hq] 2026-01-21: 0 events
  [bwh/bwh_hq] 2026-01-22: 0 events
  [bwh/bwh_hq] 2026-01-23: 0 events
  [bwh/bwh_hq] 2026-01-24: 0 events
  [bwh/bwh_hq] 2026-01-25: 0 events
  [bwh/bwh_hq] 2026-01-26: 0 events
  [bwh/bwh_hq] 2026-01-27: 0 events
  [bwh/bwh_hq] 2026-01-28: 0 events
  [bwh/bwh_hq] 2026-01-29: 0 events
  [bwh/bwh_hq] 2026-01-30: 0 events
  [bwh/bwh_hq] 2026-01-31: 0 events
  [bwh/bwh_hq] 2026-02-01: 0 events
  [bwh/bwh_hq] 2026-02-02: 0 events
  [bwh/bwh_hq] 2026-02-03: 0 events
  [bwh/bwh_hq] 2026-02-04: 0 events
  [bwh/bwh_hq] 2026-02-05: 0 events
  [bwh/bwh_hq] 2026-02-06: 0 events
  [bwh/bwh_hq] 2026-02-07: 0 events
  [bwh/bwh_hq] 2026-02-08: 0 events
  [bwh/bwh_hq] 2026-02-09: 0 events
  [bwh/bwh_hq] 2026-02-10: 0 events
  [bwh/bwh_hq] 2026-02-11: 0 events
  [bwh/bwh_hq] 2026-02-12: 0 events
  [bwh/bwh_hq] 2026-02-13: 0 events
  [bwh/bwh_hq] 2026-02-14: 0 events
  [bwh/bwh_hq] 2026-02-15: 0 events
  [bwh/bwh_hq] 2026-02-16: 0 events
  [bwh/bwh_hq] 2026-02-17: 0 events
  [bwh/bwh_hq] 2026-02-18: 0 events
  [bwh/bwh_hq] 2026-02-19: 0 events
  [bwh/bwh_hq] 2026-02-20: 0 events
  [bwh/bwh_hq] 2026-02-21: 0 events
  [bwh/bwh_hq] 2026-02-22: 0 events
  [bwh/bwh_hq] 2026-02-23: 0 events
  [bwh/bwh_hq] 2026-02-24: 0 events
  [bwh/bwh_hq] 2026-02-25: 0 events
  [bwh/bwh_hq] 2026-02-26: 0 events
  [bwh/bwh_hq] 2026-02-27: 0 events
  [bwh/bwh_hq] 2026-02-28: 0 events
  [bwh/bwh_hq] 2026-03-01: 0 events
  [bwh/bwh_hq] 2026-03-02: 0 events
  [bwh/bwh_hq] 2026-03-03: 0 events
  [bwh/bwh_hq] 2026-03-04: 0 events
  [bwh/bwh_hq] 2026-03-05: 0 events
  [bwh/bwh_hq] 2026-03-06: 0 events
  [bwh/bwh_hq] 2026-03-07: 0 events
  [bwh/bwh_hq] 2026-03-08: 0 events
  [bwh/bwh_hq] 2026-03-09: 0 events
  [bwh/bwh_hq] 2026-03-10: 0 events
  [bwh/bwh_hq] 2026-03-11: 0 events
  [bwh/bwh_hq] 2026-03-12: 0 events
  [bwh/bwh_hq] 2026-03-13: 0 events
  [bwh/bwh_hq] 2026-03-14: 0 events
  [bwh/bwh_hq] 2026-03-15: 0 events
  [bwh/bwh_hq] 2026-03-16: 0 events
  [bwh/bwh_hq] 2026-03-17: 0 events
  [bwh/bwh_hq] 2026-03-18: 0 events
  [bwh/bwh_hq] 2026-03-19: 0 events
  [bwh/bwh_hq] 2026-03-20: 0 events
  [bwh/bwh_hq] 2026-03-21: 0 events
  [bwh/bwh_hq] 2026-03-22: 0 events
  [bwh/bwh_hq] 2026-03-23: 0 events
  [bwh/bwh_hq] 2026-03-24: 0 events
  [bwh/bwh_hq] 2026-03-25: 0 events
  [bwh/bwh_hq] 2026-03-26: 0 events
  [bwh/bwh_hq] 2026-03-27: 0 events
  [bwh/bwh_hq] 2026-03-28: 0 events
  [bwh/bwh_hq] 2026-03-29: 0 events
  [bwh/bwh_hq] 2026-03-30: 0 events
  [bwh/bwh_hq] 2026-03-31: 0 events
  [bwh/bwh_hq] 2026-04-01: 0 events
  [bwh/bwh_hq] 2026-04-02: 0 events
  [bwh/bwh_hq] 2026-04-03: 0 events
  [bwh/bwh_hq] 2026-04-04: 0 events
  [bwh/bwh_hq] 2026-04-05: 0 events
  [bwh/bwh_hq] 2026-04-06: 0 events
  [bwh/bwh_hq] 2026-04-07: 0 events
  [bwh/bwh_hq] 2026-04-08: 0 events
  [bwh/bwh_hq] 2026-04-09: 0 events
  [bwh/bwh_hq] 2026-04-10: 0 events
  [bwh/bwh_hq] 2026-04-11: 0 events
  [bwh/bwh_hq] 2026-04-12: 0 events
  [bwh/bwh_hq] 2026-04-13: 0 events
  [bwh/bwh_hq] 2026-04-14: 0 events
  [bwh/bwh_hq] 2026-04-15: 0 events
  [bwh/bwh_hq] 2026-04-16: 0 events
  [bwh/bwh_hq] 2026-04-17: 0 events
  [bwh/bwh_hq] 2026-04-18: 0 events
  [bwh/bwh_hq] 2026-04-19: 0 events
  [bwh/bwh_hq] 2026-04-20: 0 events
  [bwh/bwh_hq] 2026-04-21: 0 events
  [bwh/bwh_hq] 2026-04-22: 0 events
  [bwh/bwh_hq] 2026-04-23: 0 events
  [bwh/bwh_hq] 2026-04-24: 0 events
  [bwh/bwh_hq] 2026-04-25: 0 events
  [bwh/bwh_hq] 2026-04-26: 0 events
  [bwh/bwh_hq] 2026-04-27: 0 events
  [bwh/bwh_hq] 2026-04-29: 0 events

Log: C:\VSCode\annual-client-review\annual-client-review-1\clients\_meraki_logs\network_events_pull_log.json
