[09:36:29] month=2026-01 window=2026-01-01 -> 2026-01-31
[09:36:29] fetching active clients...
  got 67 active clients
  [1/67] COB      DirID=41     entries=   0 tickets=   0
  [2/67] KRLMD    DirID=86     entries=   1 tickets=   1
  [3/67] KCC      DirID=3221   entries=   0 tickets=   0
  [4/67] RALF     DirID=4261   entries=   8 tickets=   1
  [5/67] CAM      DirID=4307   entries=   2 tickets=   1
  [6/67] KSS      DirID=5110   entries=  21 tickets=  21
  [7/67] FAL      DirID=5483   entries=   0 tickets=   0
  [8/67] BBTS     DirID=5659   entries=   0 tickets=   0
  [9/67] BRM      DirID=5701   entries=   0 tickets=   0
  [10/67] RMG      DirID=5779   entries=   0 tickets=   0
  [11/67] ISI      DirID=76     entries=  41 tickets=  33
  [12/67] GRF      DirID=2709   entries=   0 tickets=   0
  [13/67] LAG      DirID=5883   entries=   0 tickets=   0
  [14/67] USFI     DirID=5358   entries=   0 tickets=   0
  [15/67] NOR      DirID=2868   entries=  20 tickets=  17
  [16/67] PCM      DirID=114    entries=   0 tickets=   0
  [17/67] ANI      DirID=13     entries=  11 tickets=  11
  [18/67] B2I      DirID=19     entries=  36 tickets=  24
  [19/67] VAF      DirID=5941   entries=  55 tickets=  42
  [20/67] JDH      DirID=5887   entries=  51 tickets=  50
  [21/67] SAS      DirID=5985   entries=  10 tickets=  10
  [22/67] WCS      DirID=154    entries=   0 tickets=   0
  [23/67] AYH      DirID=5976   entries=   0 tickets=   0
  [24/67] CBL      DirID=5664   entries=   3 tickets=   3
  [25/67] RSPMD    DirID=129    entries=   0 tickets=   0
  [26/67] RKEG     DirID=6182   entries=   0 tickets=   0
  [27/67] EAG      DirID=6236   entries=   0 tickets=   0
  [28/67] BWH      DirID=6245   entries= 196 tickets= 153
  [29/67] BST      DirID=6247   entries=  57 tickets=  50
  [30/67] RBS      DirID=6256   entries=   0 tickets=   0
  [31/67] AOC      DirID=6270   entries=  35 tickets=  29
  [32/67] ACU      DirID=7139   entries=   4 tickets=   3
  [33/67] ONE      DirID=6130   entries=   0 tickets=   0
  [34/67] ICML     DirID=70     entries=   0 tickets=   0
  [35/67] AAVA     DirID=6989   entries=  15 tickets=  15
  [36/67] SVE      DirID=7296   entries=   0 tickets=   0
  [37/67] MAX      DirID=5768   entries=   3 tickets=   3
  [38/67] TALY     DirID=7728   entries=   6 tickets=   4
  [39/67] VG       DirID=5839   entries=  46 tickets=  43
  [40/67] GSD      DirID=7849   entries=   0 tickets=   0
  [41/67] CBI      DirID=7826   entries=   9 tickets=   9
  [42/67] HIT      DirID=7873   entries=   0 tickets=   0
  [43/67] CCC      DirID=5914   entries=  10 tickets=   9
  [44/67] ASC      DirID=7885   entries=   0 tickets=   0
  [45/67] ALG      DirID=7923   entries=  29 tickets=  26
  [46/67] CSS      DirID=7093   entries=   6 tickets=   1
  [47/67] SGC      DirID=7946   entries=   0 tickets=   0
  [48/67] ORX      DirID=108    entries= 346 tickets= 248
  [49/67] KES      DirID=7930   entries=   2 tickets=   2
  [50/67] JSD      DirID=7958   entries=   0 tickets=   0
  [51/67] ALE      DirID=7988   entries=   0 tickets=   0
  [52/67] MRM      DirID=7997   entries=   2 tickets=   2
  [53/67] R_GD     DirID=8007   entries=   0 tickets=   0
  [54/67] SSCI     DirID=8011   entries=   0 tickets=   0
  [55/67] PMF      DirID=8019   entries=   0 tickets=   0
  [56/67] DTS      DirID=8052   entries=   4 tickets=   3
  [57/67] EBRMD    DirID=8027   entries=  43 tickets=   1
  [58/67] TOR      DirID=8063   entries=  34 tickets=   1
  [59/67] FOR      DirID=8066   entries=  27 tickets=   1
  [60/67] HHOC     DirID=7280   entries=  33 tickets=  20
  [61/67] BBE      DirID=8113   entries=   1 tickets=   1
  [62/67] STW      DirID=8123   entries=   0 tickets=   0
  [63/67] AFFG     DirID=8141   entries=   0 tickets=   0
  [64/67] MGN      DirID=93     entries=   0 tickets=   0
  [65/67] BBC      DirID=8149   entries=   0 tickets=   0
  [66/67] LODC     DirID=8152   entries=   0 tickets=   0
  [67/67] PCAP     DirID=8138   entries=   0 tickets=   0

[09:38:52] DONE
  clients pulled: 67
  total entries:  1,167
  total tickets:  838
  log:            C:\vscode\annual-client-review\annual-client-review\technijian\monthly-pull\state\2026-01.json
